<?xml version="1.0" encoding="utf-8"?><testsuites name="pytest tests"><testsuite name="pytest" errors="0" failures="0" skipped="0" tests="31" time="8.228" timestamp="2026-09-15T11:54:45.796915+05:00" hostname="DESKTOP-PA1FPVQ"><testcase classname="tests.test_backend" name="test_create_idempotent_and_initial_history" time="0.381" /><testcase classname="tests.test_backend" name="test_validation[updates0]" time="0.001" /><testcase classname="tests.test_backend" name="test_validation[updates1]" time="0.001" /><testcase classname="tests.test_backend" name="test_validation[updates2]" time="0.001" /><testcase classname="tests.test_backend" name="test_validation[updates3]" time="0.001" /><testcase classname="tests.test_backend" name="test_validation[updates4]" time="0.001" /><testcase classname="tests.test_backend" name="test_validation[updates5]" time="0.001" /><testcase classname="tests.test_backend" name="test_validation[updates6]" time="0.000" /><testcase classname="tests.test_backend" name="test_account_is_only_format_verified" time="0.000" /><testcase classname="tests.test_backend" name="test_gas_requires_owned_two_photos_and_coordinates" time="0.253" /><testcase classname="tests.test_backend" name="test_cannot_attach_someone_elses_photo" time="0.204" /><testcase classname="tests.test_backend" name="test_status_history_outbox_atomic_and_private_comment" time="0.309" /><testcase classname="tests.test_backend" name="test_auth_csrf_logout" time="0.416" /><testcase classname="tests.test_backend" name="test_bad_login_and_origin" time="0.368" /><testcase classname="tests.test_backend" name="test_rbac_list_detail_update_and_export" time="0.572" /><testcase classname="tests.test_backend" name="test_status_conflict_and_transitions" time="0.451" /><testcase classname="tests.test_backend" name="test_photos_type_size_and_private_access" time="0.500" /><testcase classname="tests.test_backend" name="test_image_normalization_strips_metadata" time="0.001" /><testcase classname="tests.test_backend" name="test_telegram_delivery_retries_and_success" time="0.209" /><testcase classname="tests.test_backend" name="test_service_auth" time="0.185" /><testcase classname="tests.test_backend" name="test_settings_validation_and_stats" time="0.401" /><testcase classname="tests.test_bot" name="test_account_confirmation_edit_and_cancel" time="0.017" /><testcase classname="tests.test_bot" name="test_meter_fsm_requires_photo_and_location_then_confirm" time="0.020" /><testcase classname="tests.test_bot" name="test_gas_warning_two_distinct_photos_and_back" time="0.024" /><testcase classname="tests.test_bot" name="test_mpi_calendar_and_stale_callback" time="0.029" /><testcase classname="tests.test_bot" name="test_failed_submit_keeps_idempotency_and_state" time="0.014" /><testcase classname="tests.test_bot" name="test_date_and_bounded_download" time="0.001" /><testcase classname="tests.test_concurrency" name="test_postgres_concurrent_submission_is_idempotent" time="0.519" /><testcase classname="tests.test_concurrency" name="test_postgres_concurrent_status_has_one_winner" time="0.365" /><testcase classname="tests.test_rate_limit" name="test_rate_limit_fails_closed" time="0.002" /><testcase classname="tests.test_rate_limit" name="test_redis_atomic_limit_and_expiry" time="0.006" /></testsuite></testsuites>